<?xml version="1.0" encoding="UTF-8"?>
<testng-results ignored="0" total="1" passed="1" failed="0" skipped="0">
  <reporter-output>
  </reporter-output>
  <suite started-at="2020-01-28T16:14:05Z" name="Default suite" finished-at="2020-01-28T16:15:17Z" duration-ms="72845">
    <groups>
    </groups>
    <test started-at="2020-01-28T16:14:05Z" name="Default test" finished-at="2020-01-28T16:15:17Z" duration-ms="72845">
      <class name="test.JDSearchTest">
        <test-method is-config="true" signature="configBM()[pri:0, instance:test.JDSearchTest@6b927fb]" started-at="2020-01-28T16:14:05Z" name="configBM" finished-at="2020-01-28T16:14:44Z" duration-ms="39867" status="PASS">
          <reporter-output>
          </reporter-output>
        </test-method> <!-- configBM -->
        <test-method signature="searchTest()[pri:0, instance:test.JDSearchTest@6b927fb]" started-at="2020-01-28T16:14:44Z" name="searchTest" finished-at="2020-01-28T16:15:17Z" duration-ms="32933" status="PASS">
          <reporter-output>
          </reporter-output>
        </test-method> <!-- searchTest -->
      </class> <!-- test.JDSearchTest -->
    </test> <!-- Default test -->
  </suite> <!-- Default suite -->
</testng-results>
